<?xml version="1.0" encoding="UTF-8"?>
<!-- Generated by org.testng.reporters.JUnitReportReporter -->
<testsuite hostname="FFE-Mekala-Rupesh" failures="0" tests="1" name="test_Scripts.Login_Web.LO002_Verify_user_is_able_to_login_to_application" time="38.164" errors="0" timestamp="2023-09-12T11:14:50 IST" skipped="0">
  <testcase classname="test_Scripts.Login_Web.LO002_Verify_user_is_able_to_login_to_application" name="main" time="38.164"/>
</testsuite> <!-- test_Scripts.Login_Web.LO002_Verify_user_is_able_to_login_to_application -->
