<?xml version="1.0" encoding="UTF-8"?>
<!-- Generated by org.testng.reporters.JUnitReportReporter -->
<testsuite hostname="FFE-Mekala-Rupesh" failures="0" tests="1" name="test_Scripts.PLP_Web.PLP007" time="9.135" errors="0" timestamp="2023-09-12T11:14:50 IST" skipped="0">
  <testcase classname="test_Scripts.PLP_Web.PLP007" name="main" time="9.135"/>
</testsuite> <!-- test_Scripts.PLP_Web.PLP007 -->
