<?xml version="1.0" encoding="UTF-8"?>
<!-- Generated by org.testng.reporters.JUnitReportReporter -->
<testsuite hostname="FFE-Mekala-Rupesh" failures="0" tests="1" name="test_Scripts.My_Bag_Web.MB011" time="53.359" errors="0" timestamp="2023-09-12T11:14:50 IST" skipped="0">
  <testcase classname="test_Scripts.My_Bag_Web.MB011" name="main" time="53.359"/>
</testsuite> <!-- test_Scripts.My_Bag_Web.MB011 -->
