<?xml version="1.0" encoding="UTF-8"?>
<!-- Generated by org.testng.reporters.JUnitReportReporter -->
<testsuite hostname="FFE-Mekala-Rupesh" failures="0" tests="1" name="test_Scripts.PLP_Web.PLP091" time="36.279" errors="0" timestamp="2023-09-12T11:14:50 IST" skipped="0">
  <testcase classname="test_Scripts.PLP_Web.PLP091" name="main" time="36.279"/>
</testsuite> <!-- test_Scripts.PLP_Web.PLP091 -->
